<?xml version="1.0" encoding="UTF-8"?>
<!-- Generated by org.testng.reporters.JUnitReportReporter -->
<testsuite hostname="BERMO-MSI" failures="0" tests="3" name="test.TestNGxml" time="5.119" errors="0" timestamp="2021-06-17T20:13:36 GMT+08:00" skipped="0">
  <testcase classname="test.TestNGxml" name="navigateToApplication1" time="3.590"/>
  <system-out/>
  <testcase classname="test.TestNGxml" name="myAccount" time="0.885"/>
  <system-out/>
  <testcase classname="test.TestNGxml" name="enterCredentials" time="0.644"/>
  <system-out/>
</testsuite> <!-- test.TestNGxml -->
