<?xml version="1.0" encoding="UTF-8"?>
<!-- Generated by org.testng.reporters.JUnitReportReporter -->
<testsuite hostname="BERMO-MSI" failures="0" tests="3" name="test.ExtentReportsTestNG" time="11.418" errors="0" timestamp="2021-06-17T13:16:26 GMT+08:00" skipped="0">
  <testcase classname="test.ExtentReportsTestNG" name="navigateToApplication" time="1.937"/>
  <system-out/>
  <testcase classname="test.ExtentReportsTestNG" name="myAccount" time="4.848"/>
  <system-out/>
  <testcase classname="test.ExtentReportsTestNG" name="enterCredentials" time="4.633"/>
  <system-out/>
</testsuite> <!-- test.ExtentReportsTestNG -->
