<?xml version="1.0" encoding="UTF-8"?>
<!-- Generated by org.testng.reporters.JUnitReportReporter -->
<testsuite hostname="BERMO-MSI" failures="0" tests="1" name="test.TestNGxml2" time="7.004" errors="0" timestamp="2021-06-17T20:13:36 GMT+08:00" skipped="0">
  <testcase classname="test.TestNGxml2" name="navigateToApplication2" time="7.004"/>
  <system-out/>
</testsuite> <!-- test.TestNGxml2 -->
